<?xml version="1.0" encoding="UTF-8"?>
<testsuite xmlns:xsi="http://www.w3.org/2001/XMLSchema-instance" xsi:noNamespaceSchemaLocation="https://maven.apache.org/surefire/maven-surefire-plugin/xsd/surefire-test-report-3.0.xsd" version="3.0" name="br.com.apipagamento.apipagamento.ApiPagamentoApplicationTests" time="4.33" tests="1" errors="0" skipped="0" failures="0">
  <properties>
[...]
</properties>
  <testcase name="contextLoads" classname="br.com.apipagamento.apipagamento.ApiPagamentoApplicationTests" time="0.691">
    <system-out><![CDATA[17:13:52.751 [main] INFO org.springframework.test.context.support.AnnotationConfigContextLoaderUtils -- Could not detect default configuration classes for test class [br.com.apipagamento.apipagamento.ApiPagamentoApplicationTests]: ApiPagamentoApplicationTests does not declare any static, non-private, non-final, nested classes annotated with @Configuration.
17:13:52.831 [main] INFO org.springframework.boot.test.context.SpringBootTestContextBootstrapper -- Found @SpringBootConfiguration br.com.apipagamento.apipagamento.ApiPagamentoApplication for test class br.com.apipagamento.apipagamento.ApiPagamentoApplicationTests
17:13:52.970 [main] INFO org.springframework.boot.devtools.restart.RestartApplicationListener -- Restart disabled due to context in which it is running

  .   ____          _            __ _ _
 /\\ / ___'_ __ _ _(_)_ __  __ _ \ \ \ \
( ( )\___ | '_ | '_| | '_ \/ _` | \ \ \ \
 \\/  ___)| |_)| | | | | || (_| |  ) ) ) )
  '  |____| .__|_| |_|_| |_\__, | / / / /
 =========|_|==============|___/=/_/_/_/

 :: Spring Boot ::                (v3.3.2)

2024-07-31T17:13:53.167-03:00  INFO 210317 --- [api-pagamento] [           main] b.c.a.a.ApiPagamentoApplicationTests     : Starting ApiPagamentoApplicationTests using Java 21.0.4 with PID 210317 (started by rone in /home/rone/api-pagamento)
2024-07-31T17:13:53.169-03:00  INFO 210317 --- [api-pagamento] [           main] b.c.a.a.ApiPagamentoApplicationTests     : No active profile set, falling back to 1 default profile: "default"
2024-07-31T17:13:53.977-03:00  INFO 210317 --- [api-pagamento] [           main] .s.d.r.c.RepositoryConfigurationDelegate : Bootstrapping Spring Data JDBC repositories in DEFAULT mode.
2024-07-31T17:13:54.014-03:00  INFO 210317 --- [api-pagamento] [           main] .s.d.r.c.RepositoryConfigurationDelegate : Finished Spring Data repository scanning in 33 ms. Found 2 JDBC repository interfaces.
2024-07-31T17:13:54.612-03:00  INFO 210317 --- [api-pagamento] [           main] com.zaxxer.hikari.HikariDataSource       : HikariPool-1 - Starting...
2024-07-31T17:13:54.823-03:00  INFO 210317 --- [api-pagamento] [           main] com.zaxxer.hikari.pool.HikariPool        : HikariPool-1 - Added connection conn0: url=jdbc:h2:files:./data/pagamento user=SA
2024-07-31T17:13:54.825-03:00  INFO 210317 --- [api-pagamento] [           main] com.zaxxer.hikari.HikariDataSource       : HikariPool-1 - Start completed.
2024-07-31T17:13:55.575-03:00  INFO 210317 --- [api-pagamento] [           main] o.s.b.a.h2.H2ConsoleAutoConfiguration    : H2 console available at '/h2-console'. Database available at 'jdbc:h2:files:./data/pagamento'
2024-07-31T17:13:55.628-03:00  INFO 210317 --- [api-pagamento] [           main] o.s.b.a.e.web.EndpointLinksResolver      : Exposing 1 endpoint beneath base path '/actuator'
2024-07-31T17:13:55.743-03:00  INFO 210317 --- [api-pagamento] [           main] o.a.k.clients.admin.AdminClientConfig    : AdminClientConfig values: 
	auto.include.jmx.reporter = true
	bootstrap.controllers = []
	bootstrap.servers = [localhost:9094]
	client.dns.lookup = use_all_dns_ips
	client.id = api-pagamento-admin-0
	connections.max.idle.ms = 300000
	default.api.timeout.ms = 60000
	enable.metrics.push = true
	metadata.max.age.ms = 300000
	metric.reporters = []
	metrics.num.samples = 2
	metrics.recording.level = INFO
	metrics.sample.window.ms = 30000
	receive.buffer.bytes = 65536
	reconnect.backoff.max.ms = 1000
	reconnect.backoff.ms = 50
	request.timeout.ms = 30000
	retries = 2147483647
	retry.backoff.max.ms = 1000
	retry.backoff.ms = 100
	sasl.client.callback.handler.class = null
	sasl.jaas.config = null
	sasl.kerberos.kinit.cmd = /usr/bin/kinit
	sasl.kerberos.min.time.before.relogin = 60000
	sasl.kerberos.service.name = null
	sasl.kerberos.ticket.renew.jitter = 0.05
	sasl.kerberos.ticket.renew.window.factor = 0.8
	sasl.login.callback.handler.class = null
	sasl.login.class = null
	sasl.login.connect.timeout.ms = null
	sasl.login.read.timeout.ms = null
	sasl.login.refresh.buffer.seconds = 300
	sasl.login.refresh.min.period.seconds = 60
	sasl.login.refresh.window.factor = 0.8
	sasl.login.refresh.window.jitter = 0.05
	sasl.login.retry.backoff.max.ms = 10000
	sasl.login.retry.backoff.ms = 100
	sasl.mechanism = GSSAPI
	sasl.oauthbearer.clock.skew.seconds = 30
	sasl.oauthbearer.expected.audience = null
	sasl.oauthbearer.expected.issuer = null
	sasl.oauthbearer.jwks.endpoint.refresh.ms = 3600000
	sasl.oauthbearer.jwks.endpoint.retry.backoff.max.ms = 10000
	sasl.oauthbearer.jwks.endpoint.retry.backoff.ms = 100
	sasl.oauthbearer.jwks.endpoint.url = null
	sasl.oauthbearer.scope.claim.name = scope
	sasl.oauthbearer.sub.claim.name = sub
	sasl.oauthbearer.token.endpoint.url = null
	security.protocol = PLAINTEXT
	security.providers = null
	send.buffer.bytes = 131072
	socket.connection.setup.timeout.max.ms = 30000
	socket.connection.setup.timeout.ms = 10000
	ssl.cipher.suites = null
	ssl.enabled.protocols = [TLSv1.2, TLSv1.3]
	ssl.endpoint.identification.algorithm = https
	ssl.engine.factory.class = null
	ssl.key.password = null
	ssl.keymanager.algorithm = SunX509
	ssl.keystore.certificate.chain = null
	ssl.keystore.key = null
	ssl.keystore.location = null
	ssl.keystore.password = null
	ssl.keystore.type = JKS
	ssl.protocol = TLSv1.3
	ssl.provider = null
	ssl.secure.random.implementation = null
	ssl.trustmanager.algorithm = PKIX
	ssl.truststore.certificates = null
	ssl.truststore.location = null
	ssl.truststore.password = null
	ssl.truststore.type = JKS

2024-07-31T17:13:55.868-03:00  INFO 210317 --- [api-pagamento] [           main] o.a.kafka.common.utils.AppInfoParser     : Kafka version: 3.7.1
2024-07-31T17:13:55.868-03:00  INFO 210317 --- [api-pagamento] [           main] o.a.kafka.common.utils.AppInfoParser     : Kafka commitId: e2494e6ffb89f828
2024-07-31T17:13:55.868-03:00  INFO 210317 --- [api-pagamento] [           main] o.a.kafka.common.utils.AppInfoParser     : Kafka startTimeMs: 1722456835866
2024-07-31T17:13:56.138-03:00  INFO 210317 --- [api-pagamento] [gamento-admin-0] o.a.kafka.common.utils.AppInfoParser     : App info kafka.admin.client for api-pagamento-admin-0 unregistered
2024-07-31T17:13:56.143-03:00  INFO 210317 --- [api-pagamento] [gamento-admin-0] o.apache.kafka.common.metrics.Metrics    : Metrics scheduler closed
2024-07-31T17:13:56.143-03:00  INFO 210317 --- [api-pagamento] [gamento-admin-0] o.apache.kafka.common.metrics.Metrics    : Closing reporter org.apache.kafka.common.metrics.JmxReporter
2024-07-31T17:13:56.143-03:00  INFO 210317 --- [api-pagamento] [gamento-admin-0] o.apache.kafka.common.metrics.Metrics    : Metrics reporters closed
2024-07-31T17:13:56.167-03:00  INFO 210317 --- [api-pagamento] [           main] o.a.k.clients.consumer.ConsumerConfig    : ConsumerConfig values: 
	allow.auto.create.topics = true
	auto.commit.interval.ms = 5000
	auto.include.jmx.reporter = true
	auto.offset.reset = latest
	bootstrap.servers = [localhost:9094]
	check.crcs = true
	client.dns.lookup = use_all_dns_ips
	client.id = consumer-api-pagamento-backend-1
	client.rack = 
	connections.max.idle.ms = 540000
	default.api.timeout.ms = 60000
	enable.auto.commit = false
	enable.metrics.push = true
	exclude.internal.topics = true
	fetch.max.bytes = 52428800
	fetch.max.wait.ms = 500
	fetch.min.bytes = 1
	group.id = api-pagamento-backend
	group.instance.id = null
	group.protocol = classic
	group.remote.assignor = null
	heartbeat.interval.ms = 3000
	interceptor.classes = []
	internal.leave.group.on.close = true
	internal.throw.on.fetch.stable.offset.unsupported = false
	isolation.level = read_uncommitted
	key.deserializer = class org.apache.kafka.common.serialization.StringDeserializer
	max.partition.fetch.bytes = 1048576
	max.poll.interval.ms = 300000
	max.poll.records = 500
	metadata.max.age.ms = 300000
	metric.reporters = []
	metrics.num.samples = 2
	metrics.recording.level = INFO
	metrics.sample.window.ms = 30000
	partition.assignment.strategy = [class org.apache.kafka.clients.consumer.RangeAssignor, class org.apache.kafka.clients.consumer.CooperativeStickyAssignor]
	receive.buffer.bytes = 65536
	reconnect.backoff.max.ms = 1000
	reconnect.backoff.ms = 50
	request.timeout.ms = 30000
	retry.backoff.max.ms = 1000
	retry.backoff.ms = 100
	sasl.client.callback.handler.class = null
	sasl.jaas.config = null
	sasl.kerberos.kinit.cmd = /usr/bin/kinit
	sasl.kerberos.min.time.before.relogin = 60000
	sasl.kerberos.service.name = null
	sasl.kerberos.ticket.renew.jitter = 0.05
	sasl.kerberos.ticket.renew.window.factor = 0.8
	sasl.login.callback.handler.class = null
	sasl.login.class = null
	sasl.login.connect.timeout.ms = null
	sasl.login.read.timeout.ms = null
	sasl.login.refresh.buffer.seconds = 300
	sasl.login.refresh.min.period.seconds = 60
	sasl.login.refresh.window.factor = 0.8
	sasl.login.refresh.window.jitter = 0.05
	sasl.login.retry.backoff.max.ms = 10000
	sasl.login.retry.backoff.ms = 100
	sasl.mechanism = GSSAPI
	sasl.oauthbearer.clock.skew.seconds = 30
	sasl.oauthbearer.expected.audience = null
	sasl.oauthbearer.expected.issuer = null
	sasl.oauthbearer.jwks.endpoint.refresh.ms = 3600000
	sasl.oauthbearer.jwks.endpoint.retry.backoff.max.ms = 10000
	sasl.oauthbearer.jwks.endpoint.retry.backoff.ms = 100
	sasl.oauthbearer.jwks.endpoint.url = null
	sasl.oauthbearer.scope.claim.name = scope
	sasl.oauthbearer.sub.claim.name = sub
	sasl.oauthbearer.token.endpoint.url = null
	security.protocol = PLAINTEXT
	security.providers = null
	send.buffer.bytes = 131072
	session.timeout.ms = 45000
	socket.connection.setup.timeout.max.ms = 30000
	socket.connection.setup.timeout.ms = 10000
	ssl.cipher.suites = null
	ssl.enabled.protocols = [TLSv1.2, TLSv1.3]
	ssl.endpoint.identification.algorithm = https
	ssl.engine.factory.class = null
	ssl.key.password = null
	ssl.keymanager.algorithm = SunX509
	ssl.keystore.certificate.chain = null
	ssl.keystore.key = null
	ssl.keystore.location = null
	ssl.keystore.password = null
	ssl.keystore.type = JKS
	ssl.protocol = TLSv1.3
	ssl.provider = null
	ssl.secure.random.implementation = null
	ssl.trustmanager.algorithm = PKIX
	ssl.truststore.certificates = null
	ssl.truststore.location = null
	ssl.truststore.password = null
	ssl.truststore.type = JKS
	value.deserializer = class org.springframework.kafka.support.serializer.JsonDeserializer

2024-07-31T17:13:56.210-03:00  INFO 210317 --- [api-pagamento] [           main] o.a.k.c.t.i.KafkaMetricsCollector        : initializing Kafka metrics collector
2024-07-31T17:13:56.250-03:00  INFO 210317 --- [api-pagamento] [           main] o.a.kafka.common.utils.AppInfoParser     : Kafka version: 3.7.1
2024-07-31T17:13:56.250-03:00  INFO 210317 --- [api-pagamento] [           main] o.a.kafka.common.utils.AppInfoParser     : Kafka commitId: e2494e6ffb89f828
2024-07-31T17:13:56.250-03:00  INFO 210317 --- [api-pagamento] [           main] o.a.kafka.common.utils.AppInfoParser     : Kafka startTimeMs: 1722456836250
2024-07-31T17:13:56.261-03:00  INFO 210317 --- [api-pagamento] [           main] o.a.k.c.c.internals.LegacyKafkaConsumer  : [Consumer clientId=consumer-api-pagamento-backend-1, groupId=api-pagamento-backend] Subscribed to topic(s): transaction-notification
2024-07-31T17:13:56.280-03:00  INFO 210317 --- [api-pagamento] [ntainer#0-0-C-1] org.apache.kafka.clients.Metadata        : [Consumer clientId=consumer-api-pagamento-backend-1, groupId=api-pagamento-backend] Cluster ID: kQM3dLEuTji4GfDk00mPyQ
2024-07-31T17:13:56.281-03:00  INFO 210317 --- [api-pagamento] [ntainer#0-0-C-1] o.a.k.c.c.internals.ConsumerCoordinator  : [Consumer clientId=consumer-api-pagamento-backend-1, groupId=api-pagamento-backend] Discovered group coordinator localhost:9094 (id: 2147483647 rack: null)
2024-07-31T17:13:56.282-03:00  INFO 210317 --- [api-pagamento] [ntainer#0-0-C-1] o.a.k.c.c.internals.ConsumerCoordinator  : [Consumer clientId=consumer-api-pagamento-backend-1, groupId=api-pagamento-backend] (Re-)joining group
2024-07-31T17:13:56.283-03:00  INFO 210317 --- [api-pagamento] [           main] b.c.a.a.ApiPagamentoApplicationTests     : Started ApiPagamentoApplicationTests in 3.323 seconds (process running for 4.246)
2024-07-31T17:13:56.295-03:00  INFO 210317 --- [api-pagamento] [ntainer#0-0-C-1] o.a.k.c.c.internals.ConsumerCoordinator  : [Consumer clientId=consumer-api-pagamento-backend-1, groupId=api-pagamento-backend] Request joining group due to: need to re-join with the given member-id: consumer-api-pagamento-backend-1-31dc5aff-a99f-4110-bbfc-ac8b64abe3a9
2024-07-31T17:13:56.296-03:00  INFO 210317 --- [api-pagamento] [ntainer#0-0-C-1] o.a.k.c.c.internals.ConsumerCoordinator  : [Consumer clientId=consumer-api-pagamento-backend-1, groupId=api-pagamento-backend] (Re-)joining group
]]></system-out>
    <system-err><![CDATA[jul. 31, 2024 5:13:52 PM org.junit.platform.launcher.core.LauncherConfigurationParameters loadClasspathResource
ADVERTÊNCIA: Discovered 2 'junit-platform.properties' configuration files in the classpath; only the first will be used.
jul. 31, 2024 5:13:52 PM org.junit.platform.launcher.core.LauncherConfigurationParameters loadClasspathResource
ADVERTÊNCIA: Discovered 2 'junit-platform.properties' configuration files in the classpath; only the first will be used.
jul. 31, 2024 5:13:52 PM org.junit.platform.launcher.core.LauncherConfigurationParameters loadClasspathResource
ADVERTÊNCIA: Discovered 2 'junit-platform.properties' configuration files in the classpath; only the first will be used.
WARNING: A Java agent has been loaded dynamically (/home/rone/.m2/repository/net/bytebuddy/byte-buddy-agent/1.14.18/byte-buddy-agent-1.14.18.jar)
WARNING: If a serviceability tool is in use, please run with -XX:+EnableDynamicAgentLoading to hide this warning
WARNING: If a serviceability tool is not in use, please run with -Djdk.instrument.traceUsage for more information
WARNING: Dynamic loading of agents will be disallowed by default in a future release
]]></system-err>
  </testcase>
</testsuite>